{
  "RSpec": {
    "coverage": {
      "/Users/kulbhushangoswami/Desktop/rails/my_rails_taskproject3.7/app/controllers/comments_controller.rb": [
        1,
        null,
        1,
        0,
        0,
        0,
        null,
        null,
        0,
        0,
        null,
        0,
        0,
        0,
        0,
        null,
        0,
        0,
        null,
        null,
        null,
        null,
        null,
        null,
        null,
        1,
        0,
        0,
        0,
        0,
        0,
        null,
        null,
        null,
        null,
        null,
        1,
        null,
        1,
        0,
        null,
        null,
        null
      ],
      "/Users/kulbhushangoswami/Desktop/rails/my_rails_taskproject3.7/app/controllers/application_controller.rb": [
        1,
        null,
        null,
        1,
        null,
        1,
        1,
        null,
        null,
        null
      ],
      "/Users/kulbhushangoswami/Desktop/rails/my_rails_taskproject3.7/app/controllers/payments_controller.rb": [
        1,
        1,
        0,
        0,
        0,
        null,
        null,
        0,
        0,
        0,
        null,
        null,
        null,
        null,
        null,
        0,
        0,
        null,
        null,
        null,
        null,
        null,
        null,
        null,
        0,
        null,
        null,
        null,
        0,
        0,
        0,
        null,
        null,
        0,
        null,
        null,
        null,
        null,
        null
      ],
      "/Users/kulbhushangoswami/Desktop/rails/my_rails_taskproject3.7/app/controllers/static_pages_controller.rb": [
        1,
        1,
        null,
        null,
        1,
        0,
        0,
        null,
        null,
        1,
        null,
        null,
        null,
        0,
        0,
        0,
        0,
        null,
        null
      ],
      "/Users/kulbhushangoswami/Desktop/rails/my_rails_taskproject3.7/app/controllers/users_controller.rb": [
        1,
        1,
        1,
        1,
        null,
        null,
        null,
        1,
        0,
        null,
        null,
        null,
        null,
        1,
        null,
        null,
        null,
        1,
        0,
        null,
        null,
        null,
        1,
        null,
        null,
        null,
        null,
        1,
        0,
        null,
        0,
        0,
        0,
        0,
        null,
        0,
        0,
        null,
        null,
        null,
        null,
        null,
        null,
        1,
        0,
        0,
        0,
        0,
        null,
        0,
        0,
        null,
        null,
        null,
        null,
        null,
        null,
        1,
        0,
        0,
        0,
        0,
        null,
        null,
        null,
        1,
        null,
        1,
        4,
        null,
        null,
        null,
        1,
        0,
        null,
        null
      ],
      "/Users/kulbhushangoswami/Desktop/rails/my_rails_taskproject3.7/app/models/product.rb": [
        1,
        1,
        1,
        1,
        1,
        0,
        null,
        null
      ],
      "/Users/kulbhushangoswami/Desktop/rails/my_rails_taskproject3.7/app/models/ability.rb": [
        1,
        1,
        null,
        1,
        null,
        null,
        3,
        null,
        3,
        0,
        null,
        3,
        null,
        null,
        null,
        null,
        null,
        null,
        null,
        null,
        null,
        null,
        null,
        null,
        null,
        null,
        null,
        null,
        null,
        null,
        null,
        null,
        null,
        null
      ],
      "/Users/kulbhushangoswami/Desktop/rails/my_rails_taskproject3.7/app/models/comment.rb": [
        1,
        1,
        1,
        1,
        1,
        1,
        1,
        null
      ],
      "/Users/kulbhushangoswami/Desktop/rails/my_rails_taskproject3.7/app/channels/application_cable/channel.rb": [
        0,
        0,
        0,
        0
      ],
      "/Users/kulbhushangoswami/Desktop/rails/my_rails_taskproject3.7/app/channels/application_cable/connection.rb": [
        0,
        0,
        0,
        0,
        0,
        0,
        0,
        0,
        0,
        0,
        0,
        0,
        0,
        0,
        0,
        0,
        0,
        0,
        0,
        0,
        0,
        0,
        0,
        0
      ],
      "/Users/kulbhushangoswami/Desktop/rails/my_rails_taskproject3.7/app/channels/product_channel.rb": [
        0,
        0,
        0,
        0,
        0,
        0,
        0,
        0,
        0,
        0,
        0,
        0,
        0,
        0,
        0,
        0,
        0
      ],
      "/Users/kulbhushangoswami/Desktop/rails/my_rails_taskproject3.7/app/controllers/orders_controller.rb": [
        0,
        0,
        0,
        0,
        0,
        0,
        0,
        0,
        0,
        0,
        0,
        0,
        0,
        0,
        0,
        0,
        0,
        0,
        0,
        0,
        0,
        0,
        0,
        0,
        0,
        0,
        0,
        0,
        0,
        0,
        0,
        0,
        0,
        0,
        0,
        0,
        0,
        0,
        0,
        0,
        0
      ],
      "/Users/kulbhushangoswami/Desktop/rails/my_rails_taskproject3.7/app/controllers/products_controller.rb": [
        0,
        0,
        0,
        0,
        0,
        0,
        0,
        0,
        0,
        0,
        0,
        0,
        0,
        0,
        0,
        0,
        0,
        0,
        0,
        0,
        0,
        0,
        0,
        0,
        0,
        0,
        0,
        0,
        0,
        0,
        0,
        0,
        0,
        0,
        0,
        0,
        0,
        0,
        0,
        0,
        0,
        0,
        0,
        0,
        0,
        0,
        0,
        0,
        0,
        0,
        0,
        0,
        0,
        0,
        0,
        0,
        0,
        0,
        0,
        0,
        0,
        0,
        0,
        0,
        0,
        0,
        0,
        0,
        0,
        0,
        0,
        0,
        0,
        0,
        0,
        0,
        0,
        0,
        0,
        0,
        0,
        0,
        0,
        0,
        0,
        0,
        0,
        0,
        0,
        0,
        0,
        0,
        0,
        0,
        0,
        0,
        0,
        0
      ],
      "/Users/kulbhushangoswami/Desktop/rails/my_rails_taskproject3.7/app/controllers/user_registrations_controller.rb": [
        0,
        0,
        0,
        0,
        0,
        0,
        0,
        0
      ],
      "/Users/kulbhushangoswami/Desktop/rails/my_rails_taskproject3.7/app/jobs/application_job.rb": [
        0,
        0
      ],
      "/Users/kulbhushangoswami/Desktop/rails/my_rails_taskproject3.7/app/models/application_record.rb": [
        0,
        0,
        0
      ],
      "/Users/kulbhushangoswami/Desktop/rails/my_rails_taskproject3.7/app/models/order.rb": [
        0,
        0,
        0,
        0
      ],
      "/Users/kulbhushangoswami/Desktop/rails/my_rails_taskproject3.7/app/models/user.rb": [
        0,
        0,
        0,
        0,
        0,
        0,
        0
      ],
      "/Users/kulbhushangoswami/Desktop/rails/my_rails_taskproject3.7/app/views/orders/orders.rb": [
        0,
        0,
        0
      ]
    },
    "timestamp": 1471306119
  }
}
